<?xml version="1.0" encoding="UTF-8"?>
<testsuite xmlns:xsi="http://www.w3.org/2001/XMLSchema-instance" xsi:noNamespaceSchemaLocation="https://maven.apache.org/surefire/maven-surefire-plugin/xsd/surefire-test-report.xsd" name="TestSuite" time="147.808" tests="8" errors="0" skipped="0" failures="1">
  <properties>
    <property name="java.vendor" value="Oracle Corporation"/>
    <property name="JOB_NAME" value="RingPay_API_Automation"/>
    <property name="RUN_TESTS_DISPLAY_URL" value="http://localhost:8080/job/RingPay_API_Automation/7/display/redirect?page=tests"/>
    <property name="sun.java.launcher" value="SUN_STANDARD"/>
    <property name="NUMBER_OF_PROCESSORS" value="8"/>
    <property name="sun.management.compiler" value="HotSpot 64-Bit Tiered Compilers"/>
    <property name="JENKINS_HOME" value="C:\ProgramData\Jenkins\.jenkins"/>
    <property name="HUDSON_SERVER_COOKIE" value="c052e9be70f1a4e1"/>
    <property name="POM_ARTIFACTID" value="RingPay"/>
    <property name="os.name" value="Windows 10"/>
    <property name="sun.boot.class.path" value="C:\Program Files\Java\jdk1.8.0_202\jre\lib\resources.jar;C:\Program Files\Java\jdk1.8.0_202\jre\lib\rt.jar;C:\Program Files\Java\jdk1.8.0_202\jre\lib\sunrsasign.jar;C:\Program Files\Java\jdk1.8.0_202\jre\lib\jsse.jar;C:\Program Files\Java\jdk1.8.0_202\jre\lib\jce.jar;C:\Program Files\Java\jdk1.8.0_202\jre\lib\charsets.jar;C:\Program Files\Java\jdk1.8.0_202\jre\lib\jfr.jar;C:\Program Files\Java\jdk1.8.0_202\jre\classes"/>
    <property name="EXECUTOR_NUMBER" value="0"/>
    <property name="sun.desktop" value="windows"/>
    <property name="PATHEXT" value=".COM;.EXE;.BAT;.CMD;.VBS;.VBE;.JS;.JSE;.WSF;.WSH;.MSC"/>
    <property name="java.vm.specification.vendor" value="Oracle Corporation"/>
    <property name="POM_DISPLAYNAME" value="SeetestAutomation"/>
    <property name="NODE_LABELS" value="built-in"/>
    <property name="TEMP" value="C:\Windows\TEMP"/>
    <property name="java.runtime.version" value="1.8.0_202-b08"/>
    <property name="WINSW_SERVICE_ID" value="jenkins"/>
    <property name="user.name" value="DESKTOP-077G3EM$"/>
    <property name="guice.disable.misplaced.annotation.check" value="true"/>
    <property name="CommonProgramW6432" value="C:\Program Files\Common Files"/>
    <property name="ProgramFiles" value="C:\Program Files"/>
    <property name="user.language" value="en"/>
    <property name="JOB_BASE_NAME" value="RingPay_API_Automation"/>
    <property name="RUN_CHANGES_DISPLAY_URL" value="http://localhost:8080/job/RingPay_API_Automation/7/display/redirect?page=changes"/>
    <property name="BUILD_DISPLAY_NAME" value="#7"/>
    <property name="sun.boot.library.path" value="C:\Program Files\Java\jdk1.8.0_202\jre\bin"/>
    <property name="GIT_PREVIOUS_SUCCESSFUL_COMMIT" value="e0dc5d36c009129f03043e791841924b0d918702"/>
    <property name="LOCALAPPDATA" value="C:\Windows\system32\config\systemprofile\AppData\Local"/>
    <property name="java.version" value="1.8.0_202"/>
    <property name="PROCESSOR_LEVEL" value="6"/>
    <property name="user.timezone" value="Asia/Calcutta"/>
    <property name="USERNAME" value="DESKTOP-077G3EM$"/>
    <property name="sun.arch.data.model" value="64"/>
    <property name="NODE_NAME" value="built-in"/>
    <property name="java.endorsed.dirs" value="C:\Program Files\Java\jdk1.8.0_202\jre\lib\endorsed"/>
    <property name="BUILD_ID" value="7"/>
    <property name="sun.cpu.isalist" value="amd64"/>
    <property name="sun.jnu.encoding" value="Cp1252"/>
    <property name="file.encoding.pkg" value="sun.io"/>
    <property name="file.separator" value="\"/>
    <property name="java.specification.name" value="Java Platform API Specification"/>
    <property name="maven.conf" value="C:\Program Files\apache-maven-3.8.6\conf"/>
    <property name="java.class.version" value="52.0"/>
    <property name="org.slf4j.simpleLogger.defaultLogLevel" value="info"/>
    <property name="user.country" value="US"/>
    <property name="ALLUSERSPROFILE" value="C:\ProgramData"/>
    <property name="java.home" value="C:\Program Files\Java\jdk1.8.0_202\jre"/>
    <property name="java.vm.info" value="mixed mode"/>
    <property name="os.version" value="10.0"/>
    <property name="RUN_DISPLAY_URL" value="http://localhost:8080/job/RingPay_API_Automation/7/display/redirect"/>
    <property name="POM_VERSION" value="1.0-SNAPSHOT"/>
    <property name="TMP" value="C:\Windows\TEMP"/>
    <property name="RUN_ARTIFACTS_DISPLAY_URL" value="http://localhost:8080/job/RingPay_API_Automation/7/display/redirect?page=artifacts"/>
    <property name="path.separator" value=";"/>
    <property name="java.vm.version" value="25.202-b08"/>
    <property name="user.variant" value=""/>
    <property name="GIT_PREVIOUS_COMMIT" value="18e6b584c9d4686553c2e66bca6694616bf275e6"/>
    <property name="JOB_DISPLAY_URL" value="http://localhost:8080/job/RingPay_API_Automation/display/redirect"/>
    <property name="CommonProgramFiles(x86)" value="C:\Program Files (x86)\Common Files"/>
    <property name="java.awt.printerjob" value="sun.awt.windows.WPrinterJob"/>
    <property name="JAVA_HOME" value="C:\Program Files\Java\jdk1.8.0_202"/>
    <property name="sun.io.unicode.encoding" value="UnicodeLittle"/>
    <property name="CommonProgramFiles" value="C:\Program Files\Common Files"/>
    <property name="ComSpec" value="C:\Windows\system32\cmd.exe"/>
    <property name="awt.toolkit" value="sun.awt.windows.WToolkit"/>
    <property name="POM_PACKAGING" value="jar"/>
    <property name="user.script" value=""/>
    <property name="SERVICE_ID" value="jenkins"/>
    <property name="COMPUTERNAME" value="DESKTOP-077G3EM"/>
    <property name="POM_GROUPID" value="RingPay"/>
    <property name="user.home" value="C:\Windows\system32\config\systemprofile"/>
    <property name="PUBLIC" value="C:\Users\Public"/>
    <property name="BUILD_TAG" value="jenkins-RingPay_API_Automation-7"/>
    <property name="JENKINS_SERVER_COOKIE" value="c052e9be70f1a4e1"/>
    <property name="HUDSON_URL" value="http://localhost:8080/"/>
    <property name="ProgramData" value="C:\ProgramData"/>
    <property name="java.specification.vendor" value="Oracle Corporation"/>
    <property name="USERPROFILE" value="C:\Windows\system32\config\systemprofile"/>
    <property name="CLASSPATH" value=""/>
    <property name="java.vendor.url" value="http://java.oracle.com/"/>
    <property name="java.library.path" value="C:\Program Files\Java\jdk1.8.0_202\bin;C:\Windows\Sun\Java\bin;C:\Windows\system32;C:\Windows;C:\Program Files\apache-maven-3.8.6/bin;C:\Program Files\Java\jdk1.8.0_202/bin;C:\Program Files\Java\jdk1.8.0_202/bin;C:\Program Files\Common Files\Oracle\Java\javapath;C:\Windows\system32;C:\Windows;C:\Windows\System32\Wbem;C:\Windows\System32\WindowsPowerShell\v1.0\;C:\Windows\System32\OpenSSH\;C:\Program Files\nodejs\;C:\Program Files\Git\cmd;C:\Program Files (x86)\Common Files\Oracle\Java\javapath;C:\Windows\system32\config\systemprofile\AppData\Local\Microsoft\WindowsApps;."/>
    <property name="java.vm.vendor" value="Oracle Corporation"/>
    <property name="APPDATA" value="C:\Windows\system32\config\systemprofile\AppData\Roaming"/>
    <property name="ZES_ENABLE_SYSMAN" value="1"/>
    <property name="java.runtime.name" value="Java(TM) SE Runtime Environment"/>
    <property name="maven.home" value="C:\Program Files\apache-maven-3.8.6"/>
    <property name="java.class.path" value="C:\ProgramData\Jenkins\.jenkins\plugins\maven-plugin\WEB-INF\lib\maven35-agent-1.14.jar;C:\Program Files\apache-maven-3.8.6\boot\plexus-classworlds-2.6.0.jar;C:\Program Files\apache-maven-3.8.6/conf/logging"/>
    <property name="sun.java.command" value="jenkins.maven3.agent.Maven35Main C:\Program Files\apache-maven-3.8.6 C:\ProgramData\Jenkins\war\WEB-INF\lib\remoting-4.13.2.jar C:\ProgramData\Jenkins\.jenkins\plugins\maven-plugin\WEB-INF\lib\maven35-interceptor-1.14.jar C:\ProgramData\Jenkins\.jenkins\plugins\maven-plugin\WEB-INF\lib\maven3-interceptor-commons-1.14.jar 50239"/>
    <property name="Path" value="C:\Program Files\Java\jdk1.8.0_202/bin;C:\Program Files\Common Files\Oracle\Java\javapath;C:\Windows\system32;C:\Windows;C:\Windows\System32\Wbem;C:\Windows\System32\WindowsPowerShell\v1.0\;C:\Windows\System32\OpenSSH\;C:\Program Files\nodejs\;C:\Program Files\Git\cmd;C:\Program Files (x86)\Common Files\Oracle\Java\javapath;C:\Windows\system32\config\systemprofile\AppData\Local\Microsoft\WindowsApps"/>
    <property name="java.vm.specification.name" value="Java Virtual Machine Specification"/>
    <property name="PROCESSOR_ARCHITECTURE" value="AMD64"/>
    <property name="jansi.mode" value="strip"/>
    <property name="PATH+JDK" value="C:\Program Files\Java\jdk1.8.0_202/bin"/>
    <property name="PROCESSOR_IDENTIFIER" value="Intel64 Family 6 Model 140 Stepping 1, GenuineIntel"/>
    <property name="java.vm.specification.version" value="1.8"/>
    <property name="sun.os.patch.level" value=""/>
    <property name="sun.cpu.endian" value="little"/>
    <property name="M2_HOME" value="C:\Program Files\apache-maven-3.8.6"/>
    <property name="java.io.tmpdir" value="C:\Windows\TEMP\"/>
    <property name="CI" value="true"/>
    <property name="OS" value="Windows_NT"/>
    <property name="HUDSON_HOME" value="C:\ProgramData\Jenkins\.jenkins"/>
    <property name="PATH+MAVEN" value="C:\Program Files\apache-maven-3.8.6/bin"/>
    <property name="ProgramFiles(x86)" value="C:\Program Files (x86)"/>
    <property name="BUILD_URL" value="http://localhost:8080/job/RingPay_API_Automation/7/"/>
    <property name="java.vendor.url.bug" value="http://bugreport.sun.com/bugreport/"/>
    <property name="java.awt.graphicsenv" value="sun.awt.Win32GraphicsEnvironment"/>
    <property name="os.arch" value="amd64"/>
    <property name="SystemRoot" value="C:\Windows"/>
    <property name="java.ext.dirs" value="C:\Program Files\Java\jdk1.8.0_202\jre\lib\ext;C:\Windows\Sun\Java\lib\ext"/>
    <property name="user.dir" value="D:\RingPay\RingPay_APIAutomation\modified_RingPay\modified"/>
    <property name="JOB_URL" value="http://localhost:8080/job/RingPay_API_Automation/"/>
    <property name="USERDOMAIN" value="WORKGROUP"/>
    <property name="line.separator" value="&#10;"/>
    <property name="MAVEN_HOME" value="C:\Program Files\apache-maven-3.8.6"/>
    <property name="java.vm.name" value="Java HotSpot(TM) 64-Bit Server VM"/>
    <property name="BUILD_NUMBER" value="7"/>
    <property name="BASE" value="C:\Program Files\Jenkins"/>
    <property name="JENKINS_URL" value="http://localhost:8080/"/>
    <property name="PROCESSOR_REVISION" value="8c01"/>
    <property name="GIT_BRANCH" value="origin/master"/>
    <property name="ProgramW6432" value="C:\Program Files"/>
    <property name="windir" value="C:\Windows"/>
    <property name="GIT_COMMIT" value="18e6b584c9d4686553c2e66bca6694616bf275e6"/>
    <property name="file.encoding" value="Cp1252"/>
    <property name="SystemDrive" value="C:"/>
    <property name="maven3.interceptor" value="C:\ProgramData\Jenkins\.jenkins\plugins\maven-plugin\WEB-INF\lib\maven35-interceptor-1.14.jar"/>
    <property name="WORKSPACE_TMP" value="C:\ProgramData\Jenkins\.jenkins\workspace\RingPay_API_Automation@tmp"/>
    <property name="WORKSPACE" value="C:\ProgramData\Jenkins\.jenkins\workspace\RingPay_API_Automation"/>
    <property name="maven3.interceptor.common" value="C:\ProgramData\Jenkins\.jenkins\plugins\maven-plugin\WEB-INF\lib\maven3-interceptor-commons-1.14.jar"/>
    <property name="WINSW_EXECUTABLE" value="C:\Program Files\Jenkins\jenkins.exe"/>
    <property name="java.specification.version" value="1.8"/>
    <property name="PSModulePath" value="C:\Program Files\WindowsPowerShell\Modules;C:\Windows\system32\WindowsPowerShell\v1.0\Modules"/>
    <property name="DriverData" value="C:\Windows\System32\Drivers\DriverData"/>
    <property name="GIT_URL" value="https://github.com/Yashwanth-2000/RingPay_APIAutomation.git"/>
  </properties>
  <testcase name="userDetailsAPI" classname="com.RingPayScripts.MockUser_Scripts" time="7.948">
    <failure type="java.lang.NullPointerException">java.lang.NullPointerException
	at com.RingPayScripts.MockUser_Scripts.userDetailsAPI(MockUser_Scripts.java:37)
</failure>
    <system-out><![CDATA[2022-11-22 11:48:17,577 main ERROR Unable to locate appender "FILE" for logger config "root"
ON START
fileNameRingPay_2022_11_22_11_48_17.html
ON TEST START
com.aventstack.extentreports.ExtentTest@1972e513
testNameRingPay
2022-11-22 11:48:17,854 [main] INFO  binary_data_logger - Running Test :: RingPay
2022-11-22 11:48:17,878 [main] INFO  binary_data_logger - Run Mode :: YES
2022-11-22 11:48:17,878 [main] INFO  binary_data_logger - :::::::::Test userDetailsAPI Started::::::::
Url :https://testing-gateway.test.paywithring.com/api/v1/mock-data/user
Request Url -->https://testing-gateway.test.paywithring.com/api/v1/mock-data/user
Request :{"gender":"male","encrypted_name":"K3sKqgjdMfFET4s0Me7WwmpuJLLKr0wyWl6SyqviOQE="}
Response Body= {"data":{"request_id":"","success":true,"response_code":0,"message":"Success","http_code":200,"data":{"gender":"male","first_name":"Mohanlal","middle_name":"Nayan","last_name":"Dey","mother_name":"Drishti","full_name":"Mohanlal Nayan Dey","dob":"1982-12-02","mobile_number":"9619127221","otp":888888,"email":"MohanlalDey71650@example.net","pan":"BYFPX9191Z","aadhaar":"978174367120","pan_status":2,"actual_pan_status":"E","dob_verification_status":"VERIFIED","imei":"051967682973043","advertising_id":"739313745229356","android_id":"4c852318a8b124c8","source_app":"RUFILO","transaction_source":"MERCHANT_APP","lat":"17.993764","long":"82.998582","transaction_latitude":"17.993764","transaction_longitude":"82.998582","bank_account":{"bank_account_no":"894019","bank_branch_ifsc":"BARB0LALBAU","bank_account_type":"SAVINGS","bank_account_holder_name":"Mohanlal Nayan Dey","is_verified":1,"is_digi_verified":1,"is_imps_verified":"SUCCESS","verification_type":"PENNY_DROP","verification_attempts":1,"verified_name":"Mohanlal Nayan Dey","verified_name_match":100},"present_address":{"address_reference_number":"RADD1950387301452419","room_number":"66","line_1":"55, Isha Villas, Marathahalli","line_2":"Mehan Street","landmark":"Nayar Street","pincode":"400080","label":"present_address","tag":"HOME","source":"RUFILO"},"gross_monthly_salary":36338,"employment_type":"SALARIED","employer_name":"Chawla-Chakraborty Inc","working_since":"2014-07-09","photo_image":{"storage_path":"\/var\/www\/testing-service.test.tradofina.com\/storage\/app\/public\/photo\/tester\/yashwanth_ramaswamy.png","asset_path":"http:\/\/testing-service.test.ideopay.in\/storage\/photo\/tester\/yashwanth_ramaswamy.png"},"pan_image":{"storage_path":"\/var\/www\/testing-service.test.tradofina.com\/storage\/app\/public\/generated_documents\/pan\/9619127221.png","asset_path":"http:\/\/testing-service.test.ideopay.in\/storage\/generated_documents\/pan\/9619127221.png"},"aadhaar_front_image":{"storage_path":"\/var\/www\/testing-service.test.tradofina.com\/storage\/app\/public\/generated_documents\/aadhaar\/9619127221-front.png","asset_path":"http:\/\/testing-service.test.ideopay.in\/storage\/generated_documents\/aadhaar\/9619127221-front.png"},"aadhaar_back_image":{"storage_path":"\/var\/www\/testing-service.test.tradofina.com\/storage\/app\/public\/generated_documents\/aadhaar\/9619127221-back.png","asset_path":"http:\/\/testing-service.test.ideopay.in\/storage\/generated_documents\/aadhaar\/9619127221-back.png"}}}}
MobileNumber : 9619127221
OTP : 888888
MotherName : Drishti
Email : MohanlalDey71650@example.net
Dob : 1982-12-02
imei : 051967682973043
motherName : Drishti
Write Excel is updated successfully
Write Excel is updated successfully
Write Excel is updated successfully
Write Excel is updated successfully
Write Excel is updated successfully
Write Excel is updated successfully
Write Excel is updated successfully
Write Excel is updated successfully
Write Excel is updated successfully
Write Excel is updated successfully
Write Excel is updated successfully
Write Excel is updated successfully
Write Excel is updated successfully
Write Excel is updated successfully
Write Excel is updated successfully
2022-11-22 11:48:25,428 [main] INFO  binary_data_logger - Mock_User,Validating 200 Success Response
]]></system-out>
    <system-err><![CDATA[SLF4J: Class path contains multiple SLF4J bindings.
SLF4J: Found binding in [jar:file:/C:/Windows/System32/config/systemprofile/.m2/repository/org/slf4j/slf4j-jdk14/1.7.25/slf4j-jdk14-1.7.25.jar!/org/slf4j/impl/StaticLoggerBinder.class]
SLF4J: Found binding in [jar:file:/C:/Windows/System32/config/systemprofile/.m2/repository/ch/qos/logback/logback-classic/1.2.3/logback-classic-1.2.3.jar!/org/slf4j/impl/StaticLoggerBinder.class]
SLF4J: See http://www.slf4j.org/codes.html#multiple_bindings for an explanation.
SLF4J: Actual binding is of type [org.slf4j.impl.JDK14LoggerFactory]
]]></system-err>
  </testcase>
  <testcase name="onloadAndroidVersionCheckAPI" classname="com.RingPayScripts.MockUser_Scripts" time="1.756"/>
  <testcase name="getVPADetails" classname="com.RingPayScripts.MockUser_Scripts" time="1.399"/>
  <testcase name="sendOtp_Positive" classname="com.RingPayScripts.MockUser_Scripts" time="4.359"/>
  <testcase name="userToken" classname="com.RingPayScripts.MockUser_Scripts" time="13.592"/>
  <testcase name="updateUserDetils_200" classname="com.RingPayScripts.MockUser_Scripts" time="104.483"/>
  <testcase name="loginUser" classname="com.RingPayScripts.MockUser_Scripts" time="7.294"/>
  <testcase name="registeruser" classname="com.RingPayScripts.MockUser_Scripts" time="5.144"/>
</testsuite>