<?xml version="1.0" encoding="UTF-8"?>
<!-- Generated by org.testng.reporters.JUnitReportReporter -->
<testsuite hostname="DESKTOP-077G3EM" failures="0" tests="1" name="com.RingPayScripts.SendOtp_Scripts" time="3.324" errors="0" timestamp="2022-11-04T11:18:32 IST" skipped="0">
  <testcase classname="com.RingPayScripts.SendOtp_Scripts" name="otp_200" time="3.324"/>
  <system-out/>
</testsuite> <!-- com.RingPayScripts.SendOtp_Scripts -->
