<?xml version="1.0" encoding="UTF-8"?>
<!-- Generated by org.testng.reporters.JUnitReportReporter -->
<testsuite hostname="DESKTOP-077G3EM" failures="0" tests="1" name="com.RingPayScripts.Onload_Scripts$MockUser_Scripts" time="0.842" errors="0" timestamp="2022-11-09T10:38:02 IST" skipped="0">
  <testcase classname="com.RingPayScripts.Onload_Scripts$MockUser_Scripts" name="onloaduser_200" time="0.842"/>
  <system-out/>
</testsuite> <!-- com.RingPayScripts.Onload_Scripts$MockUser_Scripts -->
