<?xml version="1.0" encoding="UTF-8"?>
<!-- Generated by org.testng.reporters.JUnitReportReporter -->
<testsuite hostname="DESKTOP-077G3EM" failures="0" tests="8" name="com.RingPayScripts.MockUser_Scripts" time="80.367" errors="0" timestamp="2022-11-30T19:14:15 IST" skipped="0">
  <testcase classname="com.RingPayScripts.MockUser_Scripts" name="userDetailsAPI" time="5.964"/>
  <system-out/>
  <testcase classname="com.RingPayScripts.MockUser_Scripts" name="onloadAndroidVersionCheckAPI" time="0.397"/>
  <system-out/>
  <testcase classname="com.RingPayScripts.MockUser_Scripts" name="getVPADetails" time="0.784"/>
  <system-out/>
  <testcase classname="com.RingPayScripts.MockUser_Scripts" name="sendOtp_Positive" time="1.984"/>
  <system-out/>
  <testcase classname="com.RingPayScripts.MockUser_Scripts" name="userToken" time="5.872"/>
  <system-out/>
  <testcase classname="com.RingPayScripts.MockUser_Scripts" name="updateUserDetils_200" time="58.849"/>
  <system-out/>
  <testcase classname="com.RingPayScripts.MockUser_Scripts" name="loginUser" time="3.189"/>
  <system-out/>
  <testcase classname="com.RingPayScripts.MockUser_Scripts" name="registeruser" time="3.328"/>
  <system-out/>
</testsuite> <!-- com.RingPayScripts.MockUser_Scripts -->
