<?xml version="1.0" encoding="UTF-8"?>
<!-- Generated by org.testng.reporters.JUnitReportReporter -->
<testsuite hostname="DESKTOP-077G3EM" failures="0" tests="1" name="com.RingPayScripts.GetDetailsVPA_Scripts" time="3.487" errors="0" timestamp="2022-11-09T10:38:02 IST" skipped="0">
  <testcase classname="com.RingPayScripts.GetDetailsVPA_Scripts" name="get_vpn_200" time="3.487"/>
  <system-out/>
</testsuite> <!-- com.RingPayScripts.GetDetailsVPA_Scripts -->
