<?xml version="1.0" encoding="UTF-8"?>
<!-- Generated by org.testng.reporters.JUnitReportReporter -->
<testsuite skipped="0" hostname="DESKTOP-ELKCP8L" name="com.zee5.pwaSanityScripts.webPWASanityScript" tests="1" failures="0" timestamp="2022-03-17T11:09:20 IST" time="122.599" errors="0">
  <testcase name="defaultHomePage" time="122.599" classname="com.zee5.pwaSanityScripts.webPWASanityScript"/>
  <system-out/>
</testsuite> <!-- com.zee5.pwaSanityScripts.webPWASanityScript -->
