<?xml version="1.0" encoding="UTF-8"?>
<!-- Generated by org.testng.reporters.JUnitReportReporter -->
<testsuite hostname="DESKTOP-077G3EM" failures="0" tests="1" name="com.RingPayScripts.RingPayAPIScripts" time="3.279" errors="0" timestamp="2022-11-04T10:20:49 IST" skipped="0">
  <testcase classname="com.RingPayScripts.RingPayAPIScripts" name="otp_200" time="3.279"/>
  <system-out/>
</testsuite> <!-- com.RingPayScripts.RingPayAPIScripts -->
