<?xml version="1.0" encoding="UTF-8"?>
<!-- Generated by org.testng.reporters.JUnitReportReporter -->
<testsuite hostname="DESKTOP-077G3EM" failures="0" tests="8" name="com.RingPayScripts.MockUser_Scripts" time="126.225" errors="0" timestamp="2022-11-22T11:59:25 IST" skipped="0">
  <testcase classname="com.RingPayScripts.MockUser_Scripts" name="userDetailsAPI" time="6.574"/>
  <system-out/>
  <testcase classname="com.RingPayScripts.MockUser_Scripts" name="onloadAndroidVersionCheckAPI" time="0.771"/>
  <system-out/>
  <testcase classname="com.RingPayScripts.MockUser_Scripts" name="getVPADetails" time="1.041"/>
  <system-out/>
  <testcase classname="com.RingPayScripts.MockUser_Scripts" name="sendOtp_Positive" time="2.677"/>
  <system-out/>
  <testcase classname="com.RingPayScripts.MockUser_Scripts" name="userToken" time="9.746"/>
  <system-out/>
  <testcase classname="com.RingPayScripts.MockUser_Scripts" name="updateUserDetils_200" time="94.136"/>
  <system-out/>
  <testcase classname="com.RingPayScripts.MockUser_Scripts" name="loginUser" time="5.976"/>
  <system-out/>
  <testcase classname="com.RingPayScripts.MockUser_Scripts" name="registeruser" time="5.304"/>
  <system-out/>
</testsuite> <!-- com.RingPayScripts.MockUser_Scripts -->
