<?xml version="1.0" encoding="UTF-8"?>
<!-- Generated by org.testng.reporters.JUnitReportReporter -->
<testsuite hostname="DESKTOP-077G3EM" failures="0" tests="25" name="com.RingPayScripts.MockUser_Scripts" time="300.770" errors="2" timestamp="2022-11-30T11:14:33 IST" skipped="0">
  <testcase classname="com.RingPayScripts.MockUser_Scripts" name="userDetailsAPI" time="5.218"/>
  <system-out/>
  <testcase classname="com.RingPayScripts.MockUser_Scripts" name="onloadAndroidVersionCheckAPI" time="0.762"/>
  <system-out/>
  <testcase classname="com.RingPayScripts.MockUser_Scripts" name="getVPADetails" time="1.647"/>
  <system-out/>
  <testcase classname="com.RingPayScripts.MockUser_Scripts" name="sendOtp_Positive" time="3.872"/>
  <system-out/>
  <testcase classname="com.RingPayScripts.MockUser_Scripts" name="userToken" time="7.848"/>
  <system-out/>
  <testcase classname="com.RingPayScripts.MockUser_Scripts" name="updateUserDetils_200" time="70.033"/>
  <system-out/>
  <testcase classname="com.RingPayScripts.MockUser_Scripts" name="loginUser" time="3.596"/>
  <system-out/>
  <testcase classname="com.RingPayScripts.MockUser_Scripts" name="registeruser" time="2.941"/>
  <system-out/>
  <testcase classname="com.RingPayScripts.MockUser_Scripts" name="getUserDetails_Positive" time="3.676"/>
  <system-out/>
  <testcase classname="com.RingPayScripts.MockUser_Scripts" name="user_onboarding_200" time="24.526"/>
  <system-out/>
  <testcase classname="com.RingPayScripts.MockUser_Scripts" name="create_bnpl_transaction" time="25.271"/>
  <system-out/>
  <testcase classname="com.RingPayScripts.MockUser_Scripts" name="upadate_user_status_200" time="2.842"/>
  <system-out/>
  <testcase classname="com.RingPayScripts.MockUser_Scripts" name="check_Application_Eligibility" time="33.798">
    <error message="Cannot invoke &quot;String.equals(Object)&quot; because the return value of &quot;com.utility.ExtentReporter.getPlatformFromtools()&quot; is null" type="java.lang.NullPointerException">
      <![CDATA[java.lang.NullPointerException: Cannot invoke "String.equals(Object)" because the return value of "com.utility.ExtentReporter.getPlatformFromtools()" is null
at com.utility.ExtentReporter.setScreenshotSource(ExtentReporter.java:466)
at com.utility.ExtentReporter.screencapture(ExtentReporter.java:302)
at com.utility.ExtentReporter.extentLoggerFail(ExtentReporter.java:270)
at com.utility.Validation.assertSchemaValidation(Validation.java:32)
at com.business.RingPay_MerchantQRCode_Journey.BasicDetailScreen_Check_Application_Eligibility.checkApplicationEligibilitySchemaValidation_Positive(BasicDetailScreen_Check_Application_Eligibility.java:80)
at com.RingPayScripts.MockUser_Scripts.check_Application_Eligibility(MockUser_Scripts.java:279)
at java.base/jdk.internal.reflect.NativeMethodAccessorImpl.invoke0(Native Method)
at java.base/jdk.internal.reflect.NativeMethodAccessorImpl.invoke(NativeMethodAccessorImpl.java:77)
at java.base/jdk.internal.reflect.DelegatingMethodAccessorImpl.invoke(DelegatingMethodAccessorImpl.java:43)
at java.base/java.lang.reflect.Method.invoke(Method.java:568)
at org.testng.internal.MethodInvocationHelper.invokeMethod(MethodInvocationHelper.java:134)
at org.testng.internal.TestInvoker.invokeMethod(TestInvoker.java:597)
at org.testng.internal.TestInvoker.invokeTestMethod(TestInvoker.java:173)
at org.testng.internal.MethodRunner.runInSequence(MethodRunner.java:46)
at org.testng.internal.TestInvoker$MethodInvocationAgent.invoke(TestInvoker.java:816)
at org.testng.internal.TestInvoker.invokeTestMethods(TestInvoker.java:146)
at org.testng.internal.TestMethodWorker.invokeTestMethods(TestMethodWorker.java:146)
at org.testng.internal.TestMethodWorker.run(TestMethodWorker.java:128)
at java.base/java.util.ArrayList.forEach(ArrayList.java:1511)
at org.testng.TestRunner.privateRun(TestRunner.java:766)
at org.testng.TestRunner.run(TestRunner.java:587)
at org.testng.SuiteRunner.runTest(SuiteRunner.java:384)
at org.testng.SuiteRunner.runSequentially(SuiteRunner.java:378)
at org.testng.SuiteRunner.privateRun(SuiteRunner.java:337)
at org.testng.SuiteRunner.run(SuiteRunner.java:286)
at org.testng.SuiteRunnerWorker.runSuite(SuiteRunnerWorker.java:53)
at org.testng.SuiteRunnerWorker.run(SuiteRunnerWorker.java:96)
at org.testng.TestNG.runSuitesSequentially(TestNG.java:1187)
at org.testng.TestNG.runSuitesLocally(TestNG.java:1109)
at org.testng.TestNG.runSuites(TestNG.java:1039)
at org.testng.TestNG.run(TestNG.java:1007)
at org.testng.remote.AbstractRemoteTestNG.run(AbstractRemoteTestNG.java:115)
at org.testng.remote.RemoteTestNG.initAndRun(RemoteTestNG.java:251)
at org.testng.remote.RemoteTestNG.main(RemoteTestNG.java:77)
]]>
    </error>
  </testcase> <!-- check_Application_Eligibility -->
  <system-out/>
  <testcase classname="com.RingPayScripts.MockUser_Scripts" name="check_Application_Eligibility_After_add_addressAPI" time="15.734"/>
  <system-out/>
  <testcase classname="com.RingPayScripts.MockUser_Scripts" name="get_Offer_Details" time="6.475"/>
  <system-out/>
  <testcase classname="com.RingPayScripts.MockUser_Scripts" name="accept_Offer" time="5.165"/>
  <system-out/>
  <testcase classname="com.RingPayScripts.MockUser_Scripts" name="offerDetailsScreen_CheckApplicationEligibility" time="8.097"/>
  <system-out/>
  <testcase classname="com.RingPayScripts.MockUser_Scripts" name="bnplLines" time="5.097"/>
  <system-out/>
  <testcase classname="com.RingPayScripts.MockUser_Scripts" name="paymentOption" time="24.657"/>
  <system-out/>
  <testcase classname="com.RingPayScripts.MockUser_Scripts" name="transaction_Initiate" time="28.283"/>
  <system-out/>
  <testcase classname="com.RingPayScripts.MockUser_Scripts" name="transactionComplete" time="4.556"/>
  <system-out/>
  <testcase classname="com.RingPayScripts.MockUser_Scripts" name="homeScreenForCurrentSpends" time="3.570"/>
  <system-out/>
  <testcase classname="com.RingPayScripts.MockUser_Scripts" name="paymentValidate" time="2.449"/>
  <system-out/>
  <testcase classname="com.RingPayScripts.MockUser_Scripts" name="notifyPaymentDone" time="2.177"/>
  <system-out/>
  <testcase classname="com.RingPayScripts.MockUser_Scripts" name="getSettlementStatus" time="8.480">
    <error message="Cannot invoke &quot;String.equals(Object)&quot; because the return value of &quot;com.utility.ExtentReporter.getPlatformFromtools()&quot; is null" type="java.lang.NullPointerException">
      <![CDATA[java.lang.NullPointerException: Cannot invoke "String.equals(Object)" because the return value of "com.utility.ExtentReporter.getPlatformFromtools()" is null
at com.utility.ExtentReporter.setScreenshotSource(ExtentReporter.java:466)
at com.utility.ExtentReporter.screencapture(ExtentReporter.java:302)
at com.utility.ExtentReporter.extentLoggerFail(ExtentReporter.java:270)
at com.utility.Validation.assertEquals(Validation.java:88)
at com.business.RingPay_MerchantQRCode_Journey.Bnpl_Txn_Transaction_Initiate.transactionInitiate_Positive(Bnpl_Txn_Transaction_Initiate.java:44)
at com.utility.Utilities.GetSettlementAPI(Utilities.java:4406)
at com.business.RingPay_MerchantQRCode_Journey.TransactionDetails_Get_Settlement_Status.getSettlementStatus(TransactionDetails_Get_Settlement_Status.java:17)
at com.RingPayScripts.MockUser_Scripts.getSettlementStatus(MockUser_Scripts.java:450)
at java.base/jdk.internal.reflect.NativeMethodAccessorImpl.invoke0(Native Method)
at java.base/jdk.internal.reflect.NativeMethodAccessorImpl.invoke(NativeMethodAccessorImpl.java:77)
at java.base/jdk.internal.reflect.DelegatingMethodAccessorImpl.invoke(DelegatingMethodAccessorImpl.java:43)
at java.base/java.lang.reflect.Method.invoke(Method.java:568)
at org.testng.internal.MethodInvocationHelper.invokeMethod(MethodInvocationHelper.java:134)
at org.testng.internal.TestInvoker.invokeMethod(TestInvoker.java:597)
at org.testng.internal.TestInvoker.invokeTestMethod(TestInvoker.java:173)
at org.testng.internal.MethodRunner.runInSequence(MethodRunner.java:46)
at org.testng.internal.TestInvoker$MethodInvocationAgent.invoke(TestInvoker.java:816)
at org.testng.internal.TestInvoker.invokeTestMethods(TestInvoker.java:146)
at org.testng.internal.TestMethodWorker.invokeTestMethods(TestMethodWorker.java:146)
at org.testng.internal.TestMethodWorker.run(TestMethodWorker.java:128)
at java.base/java.util.ArrayList.forEach(ArrayList.java:1511)
at org.testng.TestRunner.privateRun(TestRunner.java:766)
at org.testng.TestRunner.run(TestRunner.java:587)
at org.testng.SuiteRunner.runTest(SuiteRunner.java:384)
at org.testng.SuiteRunner.runSequentially(SuiteRunner.java:378)
at org.testng.SuiteRunner.privateRun(SuiteRunner.java:337)
at org.testng.SuiteRunner.run(SuiteRunner.java:286)
at org.testng.SuiteRunnerWorker.runSuite(SuiteRunnerWorker.java:53)
at org.testng.SuiteRunnerWorker.run(SuiteRunnerWorker.java:96)
at org.testng.TestNG.runSuitesSequentially(TestNG.java:1187)
at org.testng.TestNG.runSuitesLocally(TestNG.java:1109)
at org.testng.TestNG.runSuites(TestNG.java:1039)
at org.testng.TestNG.run(TestNG.java:1007)
at org.testng.remote.AbstractRemoteTestNG.run(AbstractRemoteTestNG.java:115)
at org.testng.remote.RemoteTestNG.initAndRun(RemoteTestNG.java:251)
at org.testng.remote.RemoteTestNG.main(RemoteTestNG.java:77)
]]>
    </error>
  </testcase> <!-- getSettlementStatus -->
  <system-out/>
</testsuite> <!-- com.RingPayScripts.MockUser_Scripts -->
