<?xml version="1.0" encoding="UTF-8"?>
<!-- Generated by org.testng.reporters.JUnitReportReporter -->
<testsuite hostname="DESKTOP-077G3EM" failures="0" tests="24" name="com.RingPayScripts.MockUser_Scripts" time="247.677" errors="0" timestamp="2022-12-01T17:24:26 IST" skipped="0">
  <testcase classname="com.RingPayScripts.MockUser_Scripts" name="userDetailsAPI" time="5.768"/>
  <system-out/>
  <testcase classname="com.RingPayScripts.MockUser_Scripts" name="onloadAndroidVersionCheckAPI" time="0.551"/>
  <system-out/>
  <testcase classname="com.RingPayScripts.MockUser_Scripts" name="getVPADetails" time="0.704"/>
  <system-out/>
  <testcase classname="com.RingPayScripts.MockUser_Scripts" name="sendOtp_Positive" time="1.970"/>
  <system-out/>
  <testcase classname="com.RingPayScripts.MockUser_Scripts" name="userToken" time="6.389"/>
  <system-out/>
  <testcase classname="com.RingPayScripts.MockUser_Scripts" name="updateUserDetils_200" time="60.285"/>
  <system-out/>
  <testcase classname="com.RingPayScripts.MockUser_Scripts" name="loginUser" time="2.874"/>
  <system-out/>
  <testcase classname="com.RingPayScripts.MockUser_Scripts" name="registeruser" time="3.269"/>
  <system-out/>
  <testcase classname="com.RingPayScripts.MockUser_Scripts" name="getUserDetails_Positive" time="2.457"/>
  <system-out/>
  <testcase classname="com.RingPayScripts.MockUser_Scripts" name="user_onboarding_200" time="22.804"/>
  <system-out/>
  <testcase classname="com.RingPayScripts.MockUser_Scripts" name="create_bnpl_transaction" time="15.085"/>
  <system-out/>
  <testcase classname="com.RingPayScripts.MockUser_Scripts" name="upadate_user_status_200" time="2.616"/>
  <system-out/>
  <testcase classname="com.RingPayScripts.MockUser_Scripts" name="check_Application_Eligibility" time="32.431"/>
  <system-out/>
  <testcase classname="com.RingPayScripts.MockUser_Scripts" name="get_Offer_Details" time="3.852"/>
  <system-out/>
  <testcase classname="com.RingPayScripts.MockUser_Scripts" name="accept_Offer" time="4.196"/>
  <system-out/>
  <testcase classname="com.RingPayScripts.MockUser_Scripts" name="offerDetailsScreen_CheckApplicationEligibility" time="7.495"/>
  <system-out/>
  <testcase classname="com.RingPayScripts.MockUser_Scripts" name="bnplLines" time="3.003"/>
  <system-out/>
  <testcase classname="com.RingPayScripts.MockUser_Scripts" name="paymentOption" time="23.316"/>
  <system-out/>
  <testcase classname="com.RingPayScripts.MockUser_Scripts" name="transaction_Initiate" time="28.032"/>
  <system-out/>
  <testcase classname="com.RingPayScripts.MockUser_Scripts" name="transactionComplete" time="4.899"/>
  <system-out/>
  <testcase classname="com.RingPayScripts.MockUser_Scripts" name="homeScreenForCurrentSpends" time="3.514"/>
  <system-out/>
  <testcase classname="com.RingPayScripts.MockUser_Scripts" name="paymentValidate" time="3.175"/>
  <system-out/>
  <testcase classname="com.RingPayScripts.MockUser_Scripts" name="notifyPaymentDone" time="3.428"/>
  <system-out/>
  <testcase classname="com.RingPayScripts.MockUser_Scripts" name="getSettlementStatus" time="5.564"/>
  <system-out/>
</testsuite> <!-- com.RingPayScripts.MockUser_Scripts -->
